INFO:root:
Selector: High Level Ordering of Strategies
| Sequence: Offensive Strategy
| | Check: starting_position_close
| | Action: attack_start
| Sequence: Spreading Strategy
| | Action: spread_to_weakest_and_closest_planet
| Sequence: Attack Strategy
| | Check: have_five_planets
| | Action: attack_them

DEBUG:root:Executing:Selector: High Level Ordering of Strategies
DEBUG:root:Executing:Sequence: Offensive Strategy
DEBUG:root:Executing:Check: starting_position_close
DEBUG:root:Result: Check: starting_position_close -> Success
DEBUG:root:Executing:Action: attack_start
DEBUG:root:Result: Action: attack_start -> Failure
DEBUG:root:Result: Sequence: Offensive Strategy -> Failure
DEBUG:root:Executing:Sequence: Spreading Strategy
DEBUG:root:Executing:Action: spread_to_weakest_and_closest_planet
DEBUG:root:Order:1 13 13.0
DEBUG:root:Result: Action: spread_to_weakest_and_closest_planet -> Failure
DEBUG:root:Result: Sequence: Spreading Strategy -> Failure
DEBUG:root:Executing:Sequence: Attack Strategy
DEBUG:root:Executing:Check: have_five_planets
DEBUG:root:Result: Check: have_five_planets -> Failure
DEBUG:root:Result: Sequence: Attack Strategy -> Failure
DEBUG:root:Result: Selector: High Level Ordering of Strategies -> Failure
DEBUG:root:Finish turn

DEBUG:root:Executing:Selector: High Level Ordering of Strategies
DEBUG:root:Executing:Sequence: Offensive Strategy
DEBUG:root:Executing:Check: starting_position_close
DEBUG:root:Result: Check: starting_position_close -> Success
DEBUG:root:Executing:Action: attack_start
DEBUG:root:Result: Action: attack_start -> Failure
DEBUG:root:Result: Sequence: Offensive Strategy -> Failure
DEBUG:root:Executing:Sequence: Spreading Strategy
DEBUG:root:Executing:Action: spread_to_weakest_and_closest_planet
DEBUG:root:Order:1 13 13.0
DEBUG:root:Result: Action: spread_to_weakest_and_closest_planet -> Failure
DEBUG:root:Result: Sequence: Spreading Strategy -> Failure
DEBUG:root:Executing:Sequence: Attack Strategy
DEBUG:root:Executing:Check: have_five_planets
DEBUG:root:Result: Check: have_five_planets -> Failure
DEBUG:root:Result: Sequence: Attack Strategy -> Failure
DEBUG:root:Result: Selector: High Level Ordering of Strategies -> Failure
DEBUG:root:Finish turn

DEBUG:root:Executing:Selector: High Level Ordering of Strategies
DEBUG:root:Executing:Sequence: Offensive Strategy
DEBUG:root:Executing:Check: starting_position_close
DEBUG:root:Result: Check: starting_position_close -> Success
DEBUG:root:Executing:Action: attack_start
DEBUG:root:Result: Action: attack_start -> Failure
DEBUG:root:Result: Sequence: Offensive Strategy -> Failure
DEBUG:root:Executing:Sequence: Spreading Strategy
DEBUG:root:Executing:Action: spread_to_weakest_and_closest_planet
DEBUG:root:Order:1 13 13.0
DEBUG:root:Result: Action: spread_to_weakest_and_closest_planet -> Failure
DEBUG:root:Result: Sequence: Spreading Strategy -> Failure
DEBUG:root:Executing:Sequence: Attack Strategy
DEBUG:root:Executing:Check: have_five_planets
DEBUG:root:Result: Check: have_five_planets -> Failure
DEBUG:root:Result: Sequence: Attack Strategy -> Failure
DEBUG:root:Result: Selector: High Level Ordering of Strategies -> Failure
DEBUG:root:Finish turn

DEBUG:root:Executing:Selector: High Level Ordering of Strategies
DEBUG:root:Executing:Sequence: Offensive Strategy
DEBUG:root:Executing:Check: starting_position_close
DEBUG:root:Result: Check: starting_position_close -> Failure
DEBUG:root:Result: Sequence: Offensive Strategy -> Failure
DEBUG:root:Executing:Sequence: Spreading Strategy
DEBUG:root:Executing:Action: spread_to_weakest_and_closest_planet
DEBUG:root:Order:1 14 52.0
DEBUG:root:Result: Action: spread_to_weakest_and_closest_planet -> Failure
DEBUG:root:Result: Sequence: Spreading Strategy -> Failure
DEBUG:root:Executing:Sequence: Attack Strategy
DEBUG:root:Executing:Check: have_five_planets
DEBUG:root:Result: Check: have_five_planets -> Failure
DEBUG:root:Result: Sequence: Attack Strategy -> Failure
DEBUG:root:Result: Selector: High Level Ordering of Strategies -> Failure
DEBUG:root:Finish turn

DEBUG:root:Executing:Selector: High Level Ordering of Strategies
DEBUG:root:Executing:Sequence: Offensive Strategy
DEBUG:root:Executing:Check: starting_position_close
DEBUG:root:Result: Check: starting_position_close -> Failure
DEBUG:root:Result: Sequence: Offensive Strategy -> Failure
DEBUG:root:Executing:Sequence: Spreading Strategy
DEBUG:root:Executing:Action: spread_to_weakest_and_closest_planet
DEBUG:root:Bad order:1 29.0 52.0
DEBUG:root:Result: Action: spread_to_weakest_and_closest_planet -> Failure
DEBUG:root:Result: Sequence: Spreading Strategy -> Failure
DEBUG:root:Executing:Sequence: Attack Strategy
DEBUG:root:Executing:Check: have_five_planets
DEBUG:root:Result: Check: have_five_planets -> Failure
DEBUG:root:Result: Sequence: Attack Strategy -> Failure
DEBUG:root:Result: Selector: High Level Ordering of Strategies -> Failure
DEBUG:root:Finish turn

DEBUG:root:Executing:Selector: High Level Ordering of Strategies
DEBUG:root:Executing:Sequence: Offensive Strategy
DEBUG:root:Executing:Check: starting_position_close
DEBUG:root:Result: Check: starting_position_close -> Failure
DEBUG:root:Result: Sequence: Offensive Strategy -> Failure
DEBUG:root:Executing:Sequence: Spreading Strategy
DEBUG:root:Executing:Action: spread_to_weakest_and_closest_planet
DEBUG:root:Result: Action: spread_to_weakest_and_closest_planet -> Failure
DEBUG:root:Result: Sequence: Spreading Strategy -> Failure
DEBUG:root:Executing:Sequence: Attack Strategy
DEBUG:root:Executing:Check: have_five_planets
DEBUG:root:Result: Check: have_five_planets -> Failure
DEBUG:root:Result: Sequence: Attack Strategy -> Failure
DEBUG:root:Result: Selector: High Level Ordering of Strategies -> Failure
DEBUG:root:Finish turn

DEBUG:root:Executing:Selector: High Level Ordering of Strategies
DEBUG:root:Executing:Sequence: Offensive Strategy
DEBUG:root:Executing:Check: starting_position_close
DEBUG:root:Result: Check: starting_position_close -> Failure
DEBUG:root:Result: Sequence: Offensive Strategy -> Failure
DEBUG:root:Executing:Sequence: Spreading Strategy
DEBUG:root:Executing:Action: spread_to_weakest_and_closest_planet
DEBUG:root:Result: Action: spread_to_weakest_and_closest_planet -> Failure
DEBUG:root:Result: Sequence: Spreading Strategy -> Failure
DEBUG:root:Executing:Sequence: Attack Strategy
DEBUG:root:Executing:Check: have_five_planets
DEBUG:root:Result: Check: have_five_planets -> Failure
DEBUG:root:Result: Sequence: Attack Strategy -> Failure
DEBUG:root:Result: Selector: High Level Ordering of Strategies -> Failure
DEBUG:root:Finish turn

DEBUG:root:Executing:Selector: High Level Ordering of Strategies
DEBUG:root:Executing:Sequence: Offensive Strategy
DEBUG:root:Executing:Check: starting_position_close
DEBUG:root:Result: Check: starting_position_close -> Failure
DEBUG:root:Result: Sequence: Offensive Strategy -> Failure
DEBUG:root:Executing:Sequence: Spreading Strategy
DEBUG:root:Executing:Action: spread_to_weakest_and_closest_planet
DEBUG:root:Result: Action: spread_to_weakest_and_closest_planet -> Failure
DEBUG:root:Result: Sequence: Spreading Strategy -> Failure
DEBUG:root:Executing:Sequence: Attack Strategy
DEBUG:root:Executing:Check: have_five_planets
DEBUG:root:Result: Check: have_five_planets -> Failure
DEBUG:root:Result: Sequence: Attack Strategy -> Failure
DEBUG:root:Result: Selector: High Level Ordering of Strategies -> Failure
DEBUG:root:Finish turn

DEBUG:root:Executing:Selector: High Level Ordering of Strategies
DEBUG:root:Executing:Sequence: Offensive Strategy
DEBUG:root:Executing:Check: starting_position_close
DEBUG:root:Result: Check: starting_position_close -> Failure
DEBUG:root:Result: Sequence: Offensive Strategy -> Failure
DEBUG:root:Executing:Sequence: Spreading Strategy
DEBUG:root:Executing:Action: spread_to_weakest_and_closest_planet
DEBUG:root:Result: Action: spread_to_weakest_and_closest_planet -> Failure
DEBUG:root:Result: Sequence: Spreading Strategy -> Failure
DEBUG:root:Executing:Sequence: Attack Strategy
DEBUG:root:Executing:Check: have_five_planets
DEBUG:root:Result: Check: have_five_planets -> Failure
DEBUG:root:Result: Sequence: Attack Strategy -> Failure
DEBUG:root:Result: Selector: High Level Ordering of Strategies -> Failure
DEBUG:root:Finish turn

DEBUG:root:Executing:Selector: High Level Ordering of Strategies
DEBUG:root:Executing:Sequence: Offensive Strategy
DEBUG:root:Executing:Check: starting_position_close
DEBUG:root:Result: Check: starting_position_close -> Failure
DEBUG:root:Result: Sequence: Offensive Strategy -> Failure
DEBUG:root:Executing:Sequence: Spreading Strategy
DEBUG:root:Executing:Action: spread_to_weakest_and_closest_planet
DEBUG:root:Order:13 3 24.0
DEBUG:root:Result: Action: spread_to_weakest_and_closest_planet -> Failure
DEBUG:root:Result: Sequence: Spreading Strategy -> Failure
DEBUG:root:Executing:Sequence: Attack Strategy
DEBUG:root:Executing:Check: have_five_planets
DEBUG:root:Result: Check: have_five_planets -> Failure
DEBUG:root:Result: Sequence: Attack Strategy -> Failure
DEBUG:root:Result: Selector: High Level Ordering of Strategies -> Failure
DEBUG:root:Finish turn

DEBUG:root:Executing:Selector: High Level Ordering of Strategies
DEBUG:root:Executing:Sequence: Offensive Strategy
DEBUG:root:Executing:Check: starting_position_close
DEBUG:root:Result: Check: starting_position_close -> Failure
DEBUG:root:Result: Sequence: Offensive Strategy -> Failure
DEBUG:root:Executing:Sequence: Spreading Strategy
DEBUG:root:Executing:Action: spread_to_weakest_and_closest_planet
DEBUG:root:Order:1 3 24.0
DEBUG:root:Result: Action: spread_to_weakest_and_closest_planet -> Failure
DEBUG:root:Result: Sequence: Spreading Strategy -> Failure
DEBUG:root:Executing:Sequence: Attack Strategy
DEBUG:root:Executing:Check: have_five_planets
DEBUG:root:Result: Check: have_five_planets -> Failure
DEBUG:root:Result: Sequence: Attack Strategy -> Failure
DEBUG:root:Result: Selector: High Level Ordering of Strategies -> Failure
DEBUG:root:Finish turn

DEBUG:root:Executing:Selector: High Level Ordering of Strategies
DEBUG:root:Executing:Sequence: Offensive Strategy
DEBUG:root:Executing:Check: starting_position_close
DEBUG:root:Result: Check: starting_position_close -> Failure
DEBUG:root:Result: Sequence: Offensive Strategy -> Failure
DEBUG:root:Executing:Sequence: Spreading Strategy
DEBUG:root:Executing:Action: spread_to_weakest_and_closest_planet
DEBUG:root:Order:1 3 27.0
DEBUG:root:Result: Action: spread_to_weakest_and_closest_planet -> Failure
DEBUG:root:Result: Sequence: Spreading Strategy -> Failure
DEBUG:root:Executing:Sequence: Attack Strategy
DEBUG:root:Executing:Check: have_five_planets
DEBUG:root:Result: Check: have_five_planets -> Failure
DEBUG:root:Result: Sequence: Attack Strategy -> Failure
DEBUG:root:Result: Selector: High Level Ordering of Strategies -> Failure
DEBUG:root:Finish turn

DEBUG:root:Executing:Selector: High Level Ordering of Strategies
DEBUG:root:Executing:Sequence: Offensive Strategy
DEBUG:root:Executing:Check: starting_position_close
DEBUG:root:Result: Check: starting_position_close -> Failure
DEBUG:root:Result: Sequence: Offensive Strategy -> Failure
DEBUG:root:Executing:Sequence: Spreading Strategy
DEBUG:root:Executing:Action: spread_to_weakest_and_closest_planet
DEBUG:root:Order:13 3 33.0
DEBUG:root:Result: Action: spread_to_weakest_and_closest_planet -> Failure
DEBUG:root:Result: Sequence: Spreading Strategy -> Failure
DEBUG:root:Executing:Sequence: Attack Strategy
DEBUG:root:Executing:Check: have_five_planets
DEBUG:root:Result: Check: have_five_planets -> Failure
DEBUG:root:Result: Sequence: Attack Strategy -> Failure
DEBUG:root:Result: Selector: High Level Ordering of Strategies -> Failure
DEBUG:root:Finish turn

DEBUG:root:Executing:Selector: High Level Ordering of Strategies
DEBUG:root:Executing:Sequence: Offensive Strategy
DEBUG:root:Executing:Check: starting_position_close
DEBUG:root:Result: Check: starting_position_close -> Failure
DEBUG:root:Result: Sequence: Offensive Strategy -> Failure
DEBUG:root:Executing:Sequence: Spreading Strategy
DEBUG:root:Executing:Action: spread_to_weakest_and_closest_planet
DEBUG:root:Result: Action: spread_to_weakest_and_closest_planet -> Failure
DEBUG:root:Result: Sequence: Spreading Strategy -> Failure
DEBUG:root:Executing:Sequence: Attack Strategy
DEBUG:root:Executing:Check: have_five_planets
DEBUG:root:Result: Check: have_five_planets -> Failure
DEBUG:root:Result: Sequence: Attack Strategy -> Failure
DEBUG:root:Result: Selector: High Level Ordering of Strategies -> Failure
DEBUG:root:Finish turn

DEBUG:root:Executing:Selector: High Level Ordering of Strategies
DEBUG:root:Executing:Sequence: Offensive Strategy
DEBUG:root:Executing:Check: starting_position_close
DEBUG:root:Result: Check: starting_position_close -> Failure
DEBUG:root:Result: Sequence: Offensive Strategy -> Failure
DEBUG:root:Executing:Sequence: Spreading Strategy
DEBUG:root:Executing:Action: spread_to_weakest_and_closest_planet
DEBUG:root:Bad order:1 28.0 36.0
DEBUG:root:Result: Action: spread_to_weakest_and_closest_planet -> Failure
DEBUG:root:Result: Sequence: Spreading Strategy -> Failure
DEBUG:root:Executing:Sequence: Attack Strategy
DEBUG:root:Executing:Check: have_five_planets
DEBUG:root:Result: Check: have_five_planets -> Failure
DEBUG:root:Result: Sequence: Attack Strategy -> Failure
DEBUG:root:Result: Selector: High Level Ordering of Strategies -> Failure
DEBUG:root:Finish turn

DEBUG:root:Executing:Selector: High Level Ordering of Strategies
DEBUG:root:Executing:Sequence: Offensive Strategy
DEBUG:root:Executing:Check: starting_position_close
DEBUG:root:Result: Check: starting_position_close -> Failure
DEBUG:root:Result: Sequence: Offensive Strategy -> Failure
DEBUG:root:Executing:Sequence: Spreading Strategy
DEBUG:root:Executing:Action: spread_to_weakest_and_closest_planet
DEBUG:root:Bad order:1 33.0 39.0
DEBUG:root:Result: Action: spread_to_weakest_and_closest_planet -> Failure
DEBUG:root:Result: Sequence: Spreading Strategy -> Failure
DEBUG:root:Executing:Sequence: Attack Strategy
DEBUG:root:Executing:Check: have_five_planets
DEBUG:root:Result: Check: have_five_planets -> Failure
DEBUG:root:Result: Sequence: Attack Strategy -> Failure
DEBUG:root:Result: Selector: High Level Ordering of Strategies -> Failure
DEBUG:root:Finish turn

DEBUG:root:Executing:Selector: High Level Ordering of Strategies
DEBUG:root:Executing:Sequence: Offensive Strategy
DEBUG:root:Executing:Check: starting_position_close
DEBUG:root:Result: Check: starting_position_close -> Failure
DEBUG:root:Result: Sequence: Offensive Strategy -> Failure
DEBUG:root:Executing:Sequence: Spreading Strategy
DEBUG:root:Executing:Action: spread_to_weakest_and_closest_planet
DEBUG:root:Bad order:1 38.0 88.0
DEBUG:root:Result: Action: spread_to_weakest_and_closest_planet -> Failure
DEBUG:root:Result: Sequence: Spreading Strategy -> Failure
DEBUG:root:Executing:Sequence: Attack Strategy
DEBUG:root:Executing:Check: have_five_planets
DEBUG:root:Result: Check: have_five_planets -> Failure
DEBUG:root:Result: Sequence: Attack Strategy -> Failure
DEBUG:root:Result: Selector: High Level Ordering of Strategies -> Failure
DEBUG:root:Finish turn

DEBUG:root:Executing:Selector: High Level Ordering of Strategies
DEBUG:root:Executing:Sequence: Offensive Strategy
DEBUG:root:Executing:Check: starting_position_close
DEBUG:root:Result: Check: starting_position_close -> Failure
DEBUG:root:Result: Sequence: Offensive Strategy -> Failure
DEBUG:root:Executing:Sequence: Spreading Strategy
DEBUG:root:Executing:Action: spread_to_weakest_and_closest_planet
DEBUG:root:Order:3 14 40.0
DEBUG:root:Result: Action: spread_to_weakest_and_closest_planet -> Failure
DEBUG:root:Result: Sequence: Spreading Strategy -> Failure
DEBUG:root:Executing:Sequence: Attack Strategy
DEBUG:root:Executing:Check: have_five_planets
DEBUG:root:Result: Check: have_five_planets -> Failure
DEBUG:root:Result: Sequence: Attack Strategy -> Failure
DEBUG:root:Result: Selector: High Level Ordering of Strategies -> Failure
DEBUG:root:Finish turn

DEBUG:root:Executing:Selector: High Level Ordering of Strategies
DEBUG:root:Executing:Sequence: Offensive Strategy
DEBUG:root:Executing:Check: starting_position_close
DEBUG:root:Result: Check: starting_position_close -> Failure
DEBUG:root:Result: Sequence: Offensive Strategy -> Failure
DEBUG:root:Executing:Sequence: Spreading Strategy
DEBUG:root:Executing:Action: spread_to_weakest_and_closest_planet
DEBUG:root:Result: Action: spread_to_weakest_and_closest_planet -> Failure
DEBUG:root:Result: Sequence: Spreading Strategy -> Failure
DEBUG:root:Executing:Sequence: Attack Strategy
DEBUG:root:Executing:Check: have_five_planets
DEBUG:root:Result: Check: have_five_planets -> Failure
DEBUG:root:Result: Sequence: Attack Strategy -> Failure
DEBUG:root:Result: Selector: High Level Ordering of Strategies -> Failure
DEBUG:root:Finish turn

DEBUG:root:Executing:Selector: High Level Ordering of Strategies
DEBUG:root:Executing:Sequence: Offensive Strategy
DEBUG:root:Executing:Check: starting_position_close
DEBUG:root:Result: Check: starting_position_close -> Failure
DEBUG:root:Result: Sequence: Offensive Strategy -> Failure
DEBUG:root:Executing:Sequence: Spreading Strategy
DEBUG:root:Executing:Action: spread_to_weakest_and_closest_planet
DEBUG:root:Bad order:3 55.0 78.0
DEBUG:root:Result: Action: spread_to_weakest_and_closest_planet -> Failure
DEBUG:root:Result: Sequence: Spreading Strategy -> Failure
DEBUG:root:Executing:Sequence: Attack Strategy
DEBUG:root:Executing:Check: have_five_planets
DEBUG:root:Result: Check: have_five_planets -> Failure
DEBUG:root:Result: Sequence: Attack Strategy -> Failure
DEBUG:root:Result: Selector: High Level Ordering of Strategies -> Failure
DEBUG:root:Finish turn

DEBUG:root:Executing:Selector: High Level Ordering of Strategies
DEBUG:root:Executing:Sequence: Offensive Strategy
DEBUG:root:Executing:Check: starting_position_close
DEBUG:root:Result: Check: starting_position_close -> Failure
DEBUG:root:Result: Sequence: Offensive Strategy -> Failure
DEBUG:root:Executing:Sequence: Spreading Strategy
DEBUG:root:Executing:Action: spread_to_weakest_and_closest_planet
DEBUG:root:Result: Action: spread_to_weakest_and_closest_planet -> Failure
DEBUG:root:Result: Sequence: Spreading Strategy -> Failure
DEBUG:root:Executing:Sequence: Attack Strategy
DEBUG:root:Executing:Check: have_five_planets
DEBUG:root:Result: Check: have_five_planets -> Failure
DEBUG:root:Result: Sequence: Attack Strategy -> Failure
DEBUG:root:Result: Selector: High Level Ordering of Strategies -> Failure
DEBUG:root:Finish turn

DEBUG:root:Executing:Selector: High Level Ordering of Strategies
DEBUG:root:Executing:Sequence: Offensive Strategy
DEBUG:root:Executing:Check: starting_position_close
DEBUG:root:Result: Check: starting_position_close -> Failure
DEBUG:root:Result: Sequence: Offensive Strategy -> Failure
DEBUG:root:Executing:Sequence: Spreading Strategy
DEBUG:root:Executing:Action: spread_to_weakest_and_closest_planet
DEBUG:root:Bad order:1 63.0 81.0
DEBUG:root:Result: Action: spread_to_weakest_and_closest_planet -> Failure
DEBUG:root:Result: Sequence: Spreading Strategy -> Failure
DEBUG:root:Executing:Sequence: Attack Strategy
DEBUG:root:Executing:Check: have_five_planets
DEBUG:root:Result: Check: have_five_planets -> Failure
DEBUG:root:Result: Sequence: Attack Strategy -> Failure
DEBUG:root:Result: Selector: High Level Ordering of Strategies -> Failure
DEBUG:root:Finish turn

DEBUG:root:Executing:Selector: High Level Ordering of Strategies
DEBUG:root:Executing:Sequence: Offensive Strategy
DEBUG:root:Executing:Check: starting_position_close
DEBUG:root:Result: Check: starting_position_close -> Failure
DEBUG:root:Result: Sequence: Offensive Strategy -> Failure
DEBUG:root:Executing:Sequence: Spreading Strategy
DEBUG:root:Executing:Action: spread_to_weakest_and_closest_planet
DEBUG:root:Order:1 21 21.0
DEBUG:root:Result: Action: spread_to_weakest_and_closest_planet -> Failure
DEBUG:root:Result: Sequence: Spreading Strategy -> Failure
DEBUG:root:Executing:Sequence: Attack Strategy
DEBUG:root:Executing:Check: have_five_planets
DEBUG:root:Result: Check: have_five_planets -> Failure
DEBUG:root:Result: Sequence: Attack Strategy -> Failure
DEBUG:root:Result: Selector: High Level Ordering of Strategies -> Failure
DEBUG:root:Finish turn

DEBUG:root:Executing:Selector: High Level Ordering of Strategies
DEBUG:root:Executing:Sequence: Offensive Strategy
DEBUG:root:Executing:Check: starting_position_close
DEBUG:root:Result: Check: starting_position_close -> Failure
DEBUG:root:Result: Sequence: Offensive Strategy -> Failure
DEBUG:root:Executing:Sequence: Spreading Strategy
DEBUG:root:Executing:Action: spread_to_weakest_and_closest_planet
DEBUG:root:Order:3 21 25.0
DEBUG:root:Result: Action: spread_to_weakest_and_closest_planet -> Failure
DEBUG:root:Result: Sequence: Spreading Strategy -> Failure
DEBUG:root:Executing:Sequence: Attack Strategy
DEBUG:root:Executing:Check: have_five_planets
DEBUG:root:Result: Check: have_five_planets -> Failure
DEBUG:root:Result: Sequence: Attack Strategy -> Failure
DEBUG:root:Result: Selector: High Level Ordering of Strategies -> Failure
DEBUG:root:Finish turn

DEBUG:root:Executing:Selector: High Level Ordering of Strategies
DEBUG:root:Executing:Sequence: Offensive Strategy
DEBUG:root:Executing:Check: starting_position_close
DEBUG:root:Result: Check: starting_position_close -> Failure
DEBUG:root:Result: Sequence: Offensive Strategy -> Failure
DEBUG:root:Executing:Sequence: Spreading Strategy
DEBUG:root:Executing:Action: spread_to_weakest_and_closest_planet
DEBUG:root:Order:1 21 25.0
DEBUG:root:Result: Action: spread_to_weakest_and_closest_planet -> Failure
DEBUG:root:Result: Sequence: Spreading Strategy -> Failure
DEBUG:root:Executing:Sequence: Attack Strategy
DEBUG:root:Executing:Check: have_five_planets
DEBUG:root:Result: Check: have_five_planets -> Failure
DEBUG:root:Result: Sequence: Attack Strategy -> Failure
DEBUG:root:Result: Selector: High Level Ordering of Strategies -> Failure
DEBUG:root:Finish turn

DEBUG:root:Executing:Selector: High Level Ordering of Strategies
DEBUG:root:Executing:Sequence: Offensive Strategy
DEBUG:root:Executing:Check: starting_position_close
DEBUG:root:Result: Check: starting_position_close -> Failure
DEBUG:root:Result: Sequence: Offensive Strategy -> Failure
DEBUG:root:Executing:Sequence: Spreading Strategy
DEBUG:root:Executing:Action: spread_to_weakest_and_closest_planet
DEBUG:root:Order:14 2 46.0
DEBUG:root:Result: Action: spread_to_weakest_and_closest_planet -> Failure
DEBUG:root:Result: Sequence: Spreading Strategy -> Failure
DEBUG:root:Executing:Sequence: Attack Strategy
DEBUG:root:Executing:Check: have_five_planets
DEBUG:root:Result: Check: have_five_planets -> Failure
DEBUG:root:Result: Sequence: Attack Strategy -> Failure
DEBUG:root:Result: Selector: High Level Ordering of Strategies -> Failure
DEBUG:root:Finish turn

DEBUG:root:Executing:Selector: High Level Ordering of Strategies
DEBUG:root:Executing:Sequence: Offensive Strategy
DEBUG:root:Executing:Check: starting_position_close
DEBUG:root:Result: Check: starting_position_close -> Failure
DEBUG:root:Result: Sequence: Offensive Strategy -> Failure
DEBUG:root:Executing:Sequence: Spreading Strategy
DEBUG:root:Executing:Action: spread_to_weakest_and_closest_planet
DEBUG:root:Order:3 11 8.0
DEBUG:root:Result: Action: spread_to_weakest_and_closest_planet -> Failure
DEBUG:root:Result: Sequence: Spreading Strategy -> Failure
DEBUG:root:Executing:Sequence: Attack Strategy
DEBUG:root:Executing:Check: have_five_planets
DEBUG:root:Result: Check: have_five_planets -> Failure
DEBUG:root:Result: Sequence: Attack Strategy -> Failure
DEBUG:root:Result: Selector: High Level Ordering of Strategies -> Failure
DEBUG:root:Finish turn

DEBUG:root:Executing:Selector: High Level Ordering of Strategies
DEBUG:root:Executing:Sequence: Offensive Strategy
DEBUG:root:Executing:Check: starting_position_close
DEBUG:root:Result: Check: starting_position_close -> Failure
DEBUG:root:Result: Sequence: Offensive Strategy -> Failure
DEBUG:root:Executing:Sequence: Spreading Strategy
DEBUG:root:Executing:Action: spread_to_weakest_and_closest_planet
DEBUG:root:Order:13 11 14.0
DEBUG:root:Result: Action: spread_to_weakest_and_closest_planet -> Failure
DEBUG:root:Result: Sequence: Spreading Strategy -> Failure
DEBUG:root:Executing:Sequence: Attack Strategy
DEBUG:root:Executing:Check: have_five_planets
DEBUG:root:Result: Check: have_five_planets -> Failure
DEBUG:root:Result: Sequence: Attack Strategy -> Failure
DEBUG:root:Result: Selector: High Level Ordering of Strategies -> Failure
DEBUG:root:Finish turn

DEBUG:root:Executing:Selector: High Level Ordering of Strategies
DEBUG:root:Executing:Sequence: Offensive Strategy
DEBUG:root:Executing:Check: starting_position_close
DEBUG:root:Result: Check: starting_position_close -> Failure
DEBUG:root:Result: Sequence: Offensive Strategy -> Failure
DEBUG:root:Executing:Sequence: Spreading Strategy
DEBUG:root:Executing:Action: spread_to_weakest_and_closest_planet
DEBUG:root:Order:14 11 15.0
DEBUG:root:Result: Action: spread_to_weakest_and_closest_planet -> Failure
DEBUG:root:Result: Sequence: Spreading Strategy -> Failure
DEBUG:root:Executing:Sequence: Attack Strategy
DEBUG:root:Executing:Check: have_five_planets
DEBUG:root:Result: Check: have_five_planets -> Failure
DEBUG:root:Result: Sequence: Attack Strategy -> Failure
DEBUG:root:Result: Selector: High Level Ordering of Strategies -> Failure
DEBUG:root:Finish turn

DEBUG:root:Executing:Selector: High Level Ordering of Strategies
DEBUG:root:Executing:Sequence: Offensive Strategy
DEBUG:root:Executing:Check: starting_position_close
DEBUG:root:Result: Check: starting_position_close -> Failure
DEBUG:root:Result: Sequence: Offensive Strategy -> Failure
DEBUG:root:Executing:Sequence: Spreading Strategy
DEBUG:root:Executing:Action: spread_to_weakest_and_closest_planet
DEBUG:root:Order:1 12 11.0
DEBUG:root:Result: Action: spread_to_weakest_and_closest_planet -> Failure
DEBUG:root:Result: Sequence: Spreading Strategy -> Failure
DEBUG:root:Executing:Sequence: Attack Strategy
DEBUG:root:Executing:Check: have_five_planets
DEBUG:root:Result: Check: have_five_planets -> Failure
DEBUG:root:Result: Sequence: Attack Strategy -> Failure
DEBUG:root:Result: Selector: High Level Ordering of Strategies -> Failure
DEBUG:root:Finish turn

DEBUG:root:Executing:Selector: High Level Ordering of Strategies
DEBUG:root:Executing:Sequence: Offensive Strategy
DEBUG:root:Executing:Check: starting_position_close
DEBUG:root:Result: Check: starting_position_close -> Failure
DEBUG:root:Result: Sequence: Offensive Strategy -> Failure
DEBUG:root:Executing:Sequence: Spreading Strategy
DEBUG:root:Executing:Action: spread_to_weakest_and_closest_planet
DEBUG:root:Order:3 12 9.0
DEBUG:root:Result: Action: spread_to_weakest_and_closest_planet -> Failure
DEBUG:root:Result: Sequence: Spreading Strategy -> Failure
DEBUG:root:Executing:Sequence: Attack Strategy
DEBUG:root:Executing:Check: have_five_planets
DEBUG:root:Result: Check: have_five_planets -> Failure
DEBUG:root:Result: Sequence: Attack Strategy -> Failure
DEBUG:root:Result: Selector: High Level Ordering of Strategies -> Failure
DEBUG:root:Finish turn

DEBUG:root:Executing:Selector: High Level Ordering of Strategies
DEBUG:root:Executing:Sequence: Offensive Strategy
DEBUG:root:Executing:Check: starting_position_close
DEBUG:root:Result: Check: starting_position_close -> Failure
DEBUG:root:Result: Sequence: Offensive Strategy -> Failure
DEBUG:root:Executing:Sequence: Spreading Strategy
DEBUG:root:Executing:Action: spread_to_weakest_and_closest_planet
DEBUG:root:Order:1 12 13.0
DEBUG:root:Result: Action: spread_to_weakest_and_closest_planet -> Failure
DEBUG:root:Result: Sequence: Spreading Strategy -> Failure
DEBUG:root:Executing:Sequence: Attack Strategy
DEBUG:root:Executing:Check: have_five_planets
DEBUG:root:Result: Check: have_five_planets -> Success
DEBUG:root:Executing:Action: attack_them
DEBUG:root:Order:2 22 38.0
DEBUG:root:Result: Action: attack_them -> Success
DEBUG:root:Result: Sequence: Attack Strategy -> Success
DEBUG:root:Result: Selector: High Level Ordering of Strategies -> Success
DEBUG:root:Finish turn

DEBUG:root:Executing:Selector: High Level Ordering of Strategies
DEBUG:root:Executing:Sequence: Offensive Strategy
DEBUG:root:Executing:Check: starting_position_close
DEBUG:root:Result: Check: starting_position_close -> Failure
DEBUG:root:Result: Sequence: Offensive Strategy -> Failure
DEBUG:root:Executing:Sequence: Spreading Strategy
DEBUG:root:Executing:Action: spread_to_weakest_and_closest_planet
DEBUG:root:Order:3 12 11.0
DEBUG:root:Result: Action: spread_to_weakest_and_closest_planet -> Failure
DEBUG:root:Result: Sequence: Spreading Strategy -> Failure
DEBUG:root:Executing:Sequence: Attack Strategy
DEBUG:root:Executing:Check: have_five_planets
DEBUG:root:Result: Check: have_five_planets -> Success
DEBUG:root:Executing:Action: attack_them
DEBUG:root:Result: Action: attack_them -> Success
DEBUG:root:Result: Sequence: Attack Strategy -> Success
DEBUG:root:Result: Selector: High Level Ordering of Strategies -> Success
DEBUG:root:Finish turn

DEBUG:root:Executing:Selector: High Level Ordering of Strategies
DEBUG:root:Executing:Sequence: Offensive Strategy
DEBUG:root:Executing:Check: starting_position_close
DEBUG:root:Result: Check: starting_position_close -> Failure
DEBUG:root:Result: Sequence: Offensive Strategy -> Failure
DEBUG:root:Executing:Sequence: Spreading Strategy
DEBUG:root:Executing:Action: spread_to_weakest_and_closest_planet
DEBUG:root:Result: Action: spread_to_weakest_and_closest_planet -> Failure
DEBUG:root:Result: Sequence: Spreading Strategy -> Failure
DEBUG:root:Executing:Sequence: Attack Strategy
DEBUG:root:Executing:Check: have_five_planets
DEBUG:root:Result: Check: have_five_planets -> Success
DEBUG:root:Executing:Action: attack_them
DEBUG:root:Result: Action: attack_them -> Success
DEBUG:root:Result: Sequence: Attack Strategy -> Success
DEBUG:root:Result: Selector: High Level Ordering of Strategies -> Success
DEBUG:root:Finish turn

DEBUG:root:Executing:Selector: High Level Ordering of Strategies
DEBUG:root:Executing:Sequence: Offensive Strategy
DEBUG:root:Executing:Check: starting_position_close
DEBUG:root:Result: Check: starting_position_close -> Failure
DEBUG:root:Result: Sequence: Offensive Strategy -> Failure
DEBUG:root:Executing:Sequence: Spreading Strategy
DEBUG:root:Executing:Action: spread_to_weakest_and_closest_planet
DEBUG:root:Order:1 12 16.0
DEBUG:root:Result: Action: spread_to_weakest_and_closest_planet -> Failure
DEBUG:root:Result: Sequence: Spreading Strategy -> Failure
DEBUG:root:Executing:Sequence: Attack Strategy
DEBUG:root:Executing:Check: have_five_planets
DEBUG:root:Result: Check: have_five_planets -> Success
DEBUG:root:Executing:Action: attack_them
DEBUG:root:Result: Action: attack_them -> Success
DEBUG:root:Result: Sequence: Attack Strategy -> Success
DEBUG:root:Result: Selector: High Level Ordering of Strategies -> Success
DEBUG:root:Finish turn

DEBUG:root:Executing:Selector: High Level Ordering of Strategies
DEBUG:root:Executing:Sequence: Offensive Strategy
DEBUG:root:Executing:Check: starting_position_close
DEBUG:root:Result: Check: starting_position_close -> Failure
DEBUG:root:Result: Sequence: Offensive Strategy -> Failure
DEBUG:root:Executing:Sequence: Spreading Strategy
DEBUG:root:Executing:Action: spread_to_weakest_and_closest_planet
DEBUG:root:Bad order:21 60.0 66.0
DEBUG:root:Result: Action: spread_to_weakest_and_closest_planet -> Failure
DEBUG:root:Result: Sequence: Spreading Strategy -> Failure
DEBUG:root:Executing:Sequence: Attack Strategy
DEBUG:root:Executing:Check: have_five_planets
DEBUG:root:Result: Check: have_five_planets -> Success
DEBUG:root:Executing:Action: attack_them
DEBUG:root:Result: Action: attack_them -> Success
DEBUG:root:Result: Sequence: Attack Strategy -> Success
DEBUG:root:Result: Selector: High Level Ordering of Strategies -> Success
DEBUG:root:Finish turn

DEBUG:root:Executing:Selector: High Level Ordering of Strategies
DEBUG:root:Executing:Sequence: Offensive Strategy
DEBUG:root:Executing:Check: starting_position_close
DEBUG:root:Result: Check: starting_position_close -> Failure
DEBUG:root:Result: Sequence: Offensive Strategy -> Failure
DEBUG:root:Executing:Sequence: Spreading Strategy
DEBUG:root:Executing:Action: spread_to_weakest_and_closest_planet
DEBUG:root:Bad order:13 62.0 74.0
DEBUG:root:Result: Action: spread_to_weakest_and_closest_planet -> Failure
DEBUG:root:Result: Sequence: Spreading Strategy -> Failure
DEBUG:root:Executing:Sequence: Attack Strategy
DEBUG:root:Executing:Check: have_five_planets
DEBUG:root:Result: Check: have_five_planets -> Success
DEBUG:root:Executing:Action: attack_them
DEBUG:root:Result: Action: attack_them -> Success
DEBUG:root:Result: Sequence: Attack Strategy -> Success
DEBUG:root:Result: Selector: High Level Ordering of Strategies -> Success
DEBUG:root:Finish turn

DEBUG:root:Executing:Selector: High Level Ordering of Strategies
DEBUG:root:Executing:Sequence: Offensive Strategy
DEBUG:root:Executing:Check: starting_position_close
DEBUG:root:Result: Check: starting_position_close -> Failure
DEBUG:root:Result: Sequence: Offensive Strategy -> Failure
DEBUG:root:Executing:Sequence: Spreading Strategy
DEBUG:root:Executing:Action: spread_to_weakest_and_closest_planet
DEBUG:root:Bad order:13 65.0 74.0
DEBUG:root:Result: Action: spread_to_weakest_and_closest_planet -> Failure
DEBUG:root:Result: Sequence: Spreading Strategy -> Failure
DEBUG:root:Executing:Sequence: Attack Strategy
DEBUG:root:Executing:Check: have_five_planets
DEBUG:root:Result: Check: have_five_planets -> Success
DEBUG:root:Executing:Action: attack_them
DEBUG:root:Result: Action: attack_them -> Success
DEBUG:root:Result: Sequence: Attack Strategy -> Success
DEBUG:root:Result: Selector: High Level Ordering of Strategies -> Success
DEBUG:root:Finish turn

DEBUG:root:Executing:Selector: High Level Ordering of Strategies
DEBUG:root:Executing:Sequence: Offensive Strategy
DEBUG:root:Executing:Check: starting_position_close
DEBUG:root:Result: Check: starting_position_close -> Failure
DEBUG:root:Result: Sequence: Offensive Strategy -> Failure
DEBUG:root:Executing:Sequence: Spreading Strategy
DEBUG:root:Executing:Action: spread_to_weakest_and_closest_planet
DEBUG:root:Bad order:13 68.0 74.0
DEBUG:root:Result: Action: spread_to_weakest_and_closest_planet -> Failure
DEBUG:root:Result: Sequence: Spreading Strategy -> Failure
DEBUG:root:Executing:Sequence: Attack Strategy
DEBUG:root:Executing:Check: have_five_planets
DEBUG:root:Result: Check: have_five_planets -> Success
DEBUG:root:Executing:Action: attack_them
DEBUG:root:Result: Action: attack_them -> Success
DEBUG:root:Result: Sequence: Attack Strategy -> Success
DEBUG:root:Result: Selector: High Level Ordering of Strategies -> Success
DEBUG:root:Finish turn

DEBUG:root:Executing:Selector: High Level Ordering of Strategies
DEBUG:root:Executing:Sequence: Offensive Strategy
DEBUG:root:Executing:Check: starting_position_close
DEBUG:root:Result: Check: starting_position_close -> Failure
DEBUG:root:Result: Sequence: Offensive Strategy -> Failure
DEBUG:root:Executing:Sequence: Spreading Strategy
DEBUG:root:Executing:Action: spread_to_weakest_and_closest_planet
DEBUG:root:Bad order:13 71.0 74.0
DEBUG:root:Result: Action: spread_to_weakest_and_closest_planet -> Failure
DEBUG:root:Result: Sequence: Spreading Strategy -> Failure
DEBUG:root:Executing:Sequence: Attack Strategy
DEBUG:root:Executing:Check: have_five_planets
DEBUG:root:Result: Check: have_five_planets -> Success
DEBUG:root:Executing:Action: attack_them
DEBUG:root:Result: Action: attack_them -> Success
DEBUG:root:Result: Sequence: Attack Strategy -> Success
DEBUG:root:Result: Selector: High Level Ordering of Strategies -> Success
DEBUG:root:Finish turn

DEBUG:root:Executing:Selector: High Level Ordering of Strategies
DEBUG:root:Executing:Sequence: Offensive Strategy
DEBUG:root:Executing:Check: starting_position_close
DEBUG:root:Result: Check: starting_position_close -> Failure
DEBUG:root:Result: Sequence: Offensive Strategy -> Failure
DEBUG:root:Executing:Sequence: Spreading Strategy
DEBUG:root:Executing:Action: spread_to_weakest_and_closest_planet
DEBUG:root:Order:13 18 74.0
DEBUG:root:Result: Action: spread_to_weakest_and_closest_planet -> Failure
DEBUG:root:Result: Sequence: Spreading Strategy -> Failure
DEBUG:root:Executing:Sequence: Attack Strategy
DEBUG:root:Executing:Check: have_five_planets
DEBUG:root:Result: Check: have_five_planets -> Success
DEBUG:root:Executing:Action: attack_them
DEBUG:root:Result: Action: attack_them -> Success
DEBUG:root:Result: Sequence: Attack Strategy -> Success
DEBUG:root:Result: Selector: High Level Ordering of Strategies -> Success
DEBUG:root:Finish turn

DEBUG:root:Executing:Selector: High Level Ordering of Strategies
DEBUG:root:Executing:Sequence: Offensive Strategy
DEBUG:root:Executing:Check: starting_position_close
DEBUG:root:Result: Check: starting_position_close -> Failure
DEBUG:root:Result: Sequence: Offensive Strategy -> Failure
DEBUG:root:Executing:Sequence: Spreading Strategy
DEBUG:root:Executing:Action: spread_to_weakest_and_closest_planet
DEBUG:root:Bad order:1 77.0 82.0
DEBUG:root:Result: Action: spread_to_weakest_and_closest_planet -> Failure
DEBUG:root:Result: Sequence: Spreading Strategy -> Failure
DEBUG:root:Executing:Sequence: Attack Strategy
DEBUG:root:Executing:Check: have_five_planets
DEBUG:root:Result: Check: have_five_planets -> Success
DEBUG:root:Executing:Action: attack_them
DEBUG:root:Result: Action: attack_them -> Success
DEBUG:root:Result: Sequence: Attack Strategy -> Success
DEBUG:root:Result: Selector: High Level Ordering of Strategies -> Success
DEBUG:root:Finish turn

DEBUG:root:Executing:Selector: High Level Ordering of Strategies
DEBUG:root:Executing:Sequence: Offensive Strategy
DEBUG:root:Executing:Check: starting_position_close
DEBUG:root:Result: Check: starting_position_close -> Failure
DEBUG:root:Result: Sequence: Offensive Strategy -> Failure
DEBUG:root:Executing:Sequence: Spreading Strategy
DEBUG:root:Executing:Action: spread_to_weakest_and_closest_planet
DEBUG:root:Order:1 18 82.0
DEBUG:root:Result: Action: spread_to_weakest_and_closest_planet -> Failure
DEBUG:root:Result: Sequence: Spreading Strategy -> Failure
DEBUG:root:Executing:Sequence: Attack Strategy
DEBUG:root:Executing:Check: have_five_planets
DEBUG:root:Result: Check: have_five_planets -> Success
DEBUG:root:Executing:Action: attack_them
DEBUG:root:Result: Action: attack_them -> Success
DEBUG:root:Result: Sequence: Attack Strategy -> Success
DEBUG:root:Result: Selector: High Level Ordering of Strategies -> Success
DEBUG:root:Finish turn

DEBUG:root:Executing:Selector: High Level Ordering of Strategies
DEBUG:root:Executing:Sequence: Offensive Strategy
DEBUG:root:Executing:Check: starting_position_close
DEBUG:root:Result: Check: starting_position_close -> Failure
DEBUG:root:Result: Sequence: Offensive Strategy -> Failure
DEBUG:root:Executing:Sequence: Spreading Strategy
DEBUG:root:Executing:Action: spread_to_weakest_and_closest_planet
DEBUG:root:Order:21 6 66.0
DEBUG:root:Result: Action: spread_to_weakest_and_closest_planet -> Failure
DEBUG:root:Result: Sequence: Spreading Strategy -> Failure
DEBUG:root:Executing:Sequence: Attack Strategy
DEBUG:root:Executing:Check: have_five_planets
DEBUG:root:Result: Check: have_five_planets -> Success
DEBUG:root:Executing:Action: attack_them
DEBUG:root:Result: Action: attack_them -> Success
DEBUG:root:Result: Sequence: Attack Strategy -> Success
DEBUG:root:Result: Selector: High Level Ordering of Strategies -> Success
DEBUG:root:Finish turn

DEBUG:root:Executing:Selector: High Level Ordering of Strategies
DEBUG:root:Executing:Sequence: Offensive Strategy
DEBUG:root:Executing:Check: starting_position_close
DEBUG:root:Result: Check: starting_position_close -> Failure
DEBUG:root:Result: Sequence: Offensive Strategy -> Failure
DEBUG:root:Executing:Sequence: Spreading Strategy
DEBUG:root:Executing:Action: spread_to_weakest_and_closest_planet
DEBUG:root:Order:3 0 65.0
DEBUG:root:Result: Action: spread_to_weakest_and_closest_planet -> Failure
DEBUG:root:Result: Sequence: Spreading Strategy -> Failure
DEBUG:root:Executing:Sequence: Attack Strategy
DEBUG:root:Executing:Check: have_five_planets
DEBUG:root:Result: Check: have_five_planets -> Success
DEBUG:root:Executing:Action: attack_them
DEBUG:root:Result: Action: attack_them -> Success
DEBUG:root:Result: Sequence: Attack Strategy -> Success
DEBUG:root:Result: Selector: High Level Ordering of Strategies -> Success
DEBUG:root:Finish turn

