DEBUG:root:Order:2 3 10.0
DEBUG:root:Finish turn

DEBUG:root:Order:2 4 10.0
DEBUG:root:Finish turn

DEBUG:root:Order:2 19 15.0
DEBUG:root:Finish turn

DEBUG:root:Order:2 20 15.0
DEBUG:root:Order:2 4 41
DEBUG:root:Finish turn

DEBUG:root:Order:2 15 20.0
DEBUG:root:Bad order:4 3.0 7
DEBUG:root:Finish turn

DEBUG:root:Order:4 16 20.0
DEBUG:root:Order:2 4 7
DEBUG:root:Finish turn

DEBUG:root:Order:4 0 26.0
DEBUG:root:Bad order:2 12.0 14
DEBUG:root:Finish turn

DEBUG:root:Order:2 4 16
DEBUG:root:Finish turn

DEBUG:root:Bad order:2 6.0 9
DEBUG:root:Bad order:19 2.0 5
DEBUG:root:Finish turn

DEBUG:root:Bad order:2 11.0 13
DEBUG:root:Order:19 4 1
DEBUG:root:Finish turn

DEBUG:root:Order:2 4 14
DEBUG:root:Order:2 19 1
DEBUG:root:Finish turn

DEBUG:root:Order:2 15 1
DEBUG:root:Order:2 19 1
DEBUG:root:Order:2 4 3
DEBUG:root:Finish turn

DEBUG:root:Order:4 9 40.0
DEBUG:root:Bad order:15 4.0 12
DEBUG:root:Bad order:19 5.0 10
DEBUG:root:Order:2 4 1
DEBUG:root:Finish turn

DEBUG:root:Bad order:15 7.0 16
DEBUG:root:Bad order:19 6.0 12
DEBUG:root:Finish turn

DEBUG:root:Bad order:19 7.0 13
DEBUG:root:Order:15 4 5
DEBUG:root:Finish turn

DEBUG:root:Bad order:19 9.0 12
DEBUG:root:Order:2 4 2
DEBUG:root:Order:15 4 1
DEBUG:root:Finish turn

DEBUG:root:Order:19 15 11
DEBUG:root:Bad order:19 0.0 8
DEBUG:root:Finish turn

DEBUG:root:Order:2 15 13
DEBUG:root:Bad order:19 1.0 2
DEBUG:root:Bad order:19 1.0 4
DEBUG:root:Finish turn

DEBUG:root:Order:2 4 3
DEBUG:root:Order:19 4 1
DEBUG:root:Order:19 15 1
DEBUG:root:Finish turn

DEBUG:root:Order:0 19 7
DEBUG:root:Order:0 4 4
DEBUG:root:Bad order:0 2.0 3
DEBUG:root:Bad order:0 2.0 14
DEBUG:root:Finish turn

DEBUG:root:Order:0 19 2
DEBUG:root:Order:2 19 1
DEBUG:root:Order:2 15 2
DEBUG:root:Order:2 4 2
DEBUG:root:Finish turn

DEBUG:root:Order:4 0 2
DEBUG:root:Order:2 0 1
DEBUG:root:Order:15 0 1
DEBUG:root:Finish turn

DEBUG:root:Order:4 10 40.0
DEBUG:root:Order:2 4 10
DEBUG:root:Order:15 4 8
DEBUG:root:Bad order:9 3.0 6
DEBUG:root:Bad order:19 4.0 5
DEBUG:root:Finish turn

DEBUG:root:Bad order:9 5.0 7
DEBUG:root:Order:19 4 5
DEBUG:root:Order:2 4 4
DEBUG:root:Order:15 4 2
DEBUG:root:Finish turn

DEBUG:root:Order:15 5 46.0
DEBUG:root:Bad order:9 7.0 16
DEBUG:root:Order:2 15 12
DEBUG:root:Bad order:19 1.0 8
DEBUG:root:Order:4 15 6
DEBUG:root:Finish turn

DEBUG:root:Bad order:9 9.0 15
DEBUG:root:Bad order:9 9.0 15
DEBUG:root:Finish turn

DEBUG:root:Bad order:9 11.0 16
DEBUG:root:Order:2 0 6
DEBUG:root:Bad order:19 4.0 6
DEBUG:root:Finish turn

DEBUG:root:Bad order:9 13.0 17
DEBUG:root:Bad order:19 5.0 6
DEBUG:root:Bad order:16 1.0 5
DEBUG:root:Order:2 0 4
DEBUG:root:Order:4 0 1
DEBUG:root:Finish turn

DEBUG:root:Bad order:9 15.0 20
DEBUG:root:Bad order:16 4.0 9
DEBUG:root:Bad order:19 6.0 8
DEBUG:root:Order:2 0 6
DEBUG:root:Order:4 0 3
DEBUG:root:Finish turn

DEBUG:root:Bad order:9 17.0 19
DEBUG:root:Bad order:16 7.0 9
DEBUG:root:Order:19 0 6
DEBUG:root:Order:2 0 2
DEBUG:root:Finish turn

DEBUG:root:Bad order:9 19.0 21
DEBUG:root:Bad order:16 10.0 12
DEBUG:root:Order:2 0 5
DEBUG:root:Order:19 0 1
DEBUG:root:Finish turn

DEBUG:root:Bad order:9 21.0 22
DEBUG:root:Bad order:9 21.0 22
DEBUG:root:Order:9 4 5
DEBUG:root:Finish turn

DEBUG:root:Bad order:9 18.0 19
DEBUG:root:Bad order:16 16.0 17
DEBUG:root:Order:2 0 9
DEBUG:root:Order:19 0 1
DEBUG:root:Finish turn

DEBUG:root:Order:9 15 18
DEBUG:root:Order:16 15 3
DEBUG:root:Order:16 0 15
DEBUG:root:Order:16 4 1
DEBUG:root:Bad order:16 0.0 1
DEBUG:root:Finish turn

DEBUG:root:Order:2 0 9
DEBUG:root:Order:9 0 4
DEBUG:root:Bad order:15 3.0 4
DEBUG:root:Order:4 0 3
DEBUG:root:Order:16 0 3
DEBUG:root:Order:19 0 1
DEBUG:root:Finish turn

DEBUG:root:Order:15 0 6
DEBUG:root:Order:2 0 2
DEBUG:root:Order:2 16 4
DEBUG:root:Finish turn

DEBUG:root:Order:5 0 3
DEBUG:root:Order:2 0 1
DEBUG:root:Order:4 0 1
DEBUG:root:Order:9 0 1
DEBUG:root:Order:15 0 1
DEBUG:root:Order:16 0 1
DEBUG:root:Order:16 19 1
DEBUG:root:Finish turn

DEBUG:root:Order:2 19 2
DEBUG:root:Order:2 9 1
DEBUG:root:Order:2 16 1
DEBUG:root:Finish turn

DEBUG:root:Order:5 9 5
DEBUG:root:Order:2 9 1
DEBUG:root:Order:15 9 1
DEBUG:root:Order:16 9 1
DEBUG:root:Finish turn

DEBUG:root:Order:2 9 4
DEBUG:root:Order:5 9 4
DEBUG:root:Order:15 9 2
DEBUG:root:Order:16 9 2
DEBUG:root:Finish turn

DEBUG:root:Order:2 9 6
DEBUG:root:Order:5 9 6
DEBUG:root:Order:16 9 4
DEBUG:root:Order:19 9 1
DEBUG:root:Finish turn

DEBUG:root:Order:2 9 2
DEBUG:root:Order:2 19 2
DEBUG:root:Finish turn

DEBUG:root:Order:5 19 6
DEBUG:root:Order:2 19 2
DEBUG:root:Order:16 19 2
DEBUG:root:Order:9 19 1
DEBUG:root:Finish turn

DEBUG:root:Order:2 19 2
DEBUG:root:Order:5 19 1
DEBUG:root:Order:5 9 1
DEBUG:root:Finish turn

DEBUG:root:Order:2 16 6
DEBUG:root:Order:5 16 6
DEBUG:root:Order:9 16 3
DEBUG:root:Order:9 0 1
DEBUG:root:Finish turn

DEBUG:root:Order:2 10 4
DEBUG:root:Order:5 10 4
DEBUG:root:Order:19 10 2
DEBUG:root:Order:16 10 1
DEBUG:root:Finish turn

DEBUG:root:Order:2 10 3
DEBUG:root:Order:5 10 1
DEBUG:root:Order:5 0 1
DEBUG:root:Order:5 19 3
DEBUG:root:Order:16 19 1
DEBUG:root:Finish turn

DEBUG:root:Order:2 10 3
DEBUG:root:Order:19 10 2
DEBUG:root:Order:5 10 1
DEBUG:root:Order:5 0 1
DEBUG:root:Finish turn

DEBUG:root:Order:2 10 4
DEBUG:root:Order:5 10 3
DEBUG:root:Order:16 10 3
DEBUG:root:Order:16 0 1
DEBUG:root:Finish turn

DEBUG:root:Order:2 10 4
DEBUG:root:Order:5 10 4
DEBUG:root:Order:9 10 2
DEBUG:root:Order:16 10 1
DEBUG:root:Finish turn

DEBUG:root:Order:2 10 5
DEBUG:root:Order:5 10 5
DEBUG:root:Order:16 10 3
DEBUG:root:Order:9 10 2
DEBUG:root:Order:0 10 1
DEBUG:root:Order:19 10 1
DEBUG:root:Finish turn

DEBUG:root:Order:2 10 5
DEBUG:root:Order:5 10 5
DEBUG:root:Order:16 10 3
DEBUG:root:Order:9 10 2
DEBUG:root:Order:0 10 1
DEBUG:root:Order:19 10 1
DEBUG:root:Finish turn

DEBUG:root:Order:2 16 4
DEBUG:root:Order:5 16 2
DEBUG:root:Order:5 10 3
DEBUG:root:Finish turn

DEBUG:root:Order:2 16 3
DEBUG:root:Order:5 16 2
DEBUG:root:Order:9 16 1
DEBUG:root:Order:9 0 1
DEBUG:root:Finish turn

DEBUG:root:Order:2 16 4
DEBUG:root:Order:5 16 4
DEBUG:root:Order:10 16 1
DEBUG:root:Finish turn

DEBUG:root:Order:9 6 46.0
DEBUG:root:Order:2 9 12
DEBUG:root:Order:5 9 12
DEBUG:root:Order:10 9 9
DEBUG:root:Order:0 9 3
DEBUG:root:Order:0 16 8
DEBUG:root:Order:19 16 5
DEBUG:root:Finish turn

DEBUG:root:Order:2 16 6
DEBUG:root:Order:5 16 6
DEBUG:root:Order:19 16 4
DEBUG:root:Order:10 16 3
DEBUG:root:Order:9 16 2
DEBUG:root:Finish turn

DEBUG:root:Order:2 0 6
DEBUG:root:Order:5 0 6
DEBUG:root:Order:9 0 3
DEBUG:root:Order:16 0 2
DEBUG:root:Order:19 0 2
DEBUG:root:Finish turn

DEBUG:root:Order:2 9 5
DEBUG:root:Order:5 9 5
DEBUG:root:Order:16 9 1
DEBUG:root:Order:16 0 2
DEBUG:root:Finish turn

DEBUG:root:Order:2 0 2
DEBUG:root:Order:2 9 1
DEBUG:root:Order:2 19 2
DEBUG:root:Order:5 19 2
DEBUG:root:Finish turn

DEBUG:root:Order:5 0 2
DEBUG:root:Order:5 9 1
DEBUG:root:Order:5 2 2
DEBUG:root:Order:19 2 1
DEBUG:root:Finish turn

DEBUG:root:Order:2 0 10
DEBUG:root:Order:16 0 6
DEBUG:root:Order:5 0 5
DEBUG:root:Order:9 0 4
DEBUG:root:Order:19 0 4
DEBUG:root:Finish turn

DEBUG:root:Order:2 9 5
DEBUG:root:Order:5 9 5
DEBUG:root:Order:5 0 1
DEBUG:root:Finish turn

DEBUG:root:Order:2 9 3
DEBUG:root:Order:5 9 2
DEBUG:root:Finish turn

DEBUG:root:Order:2 9 3
DEBUG:root:Order:2 0 2
DEBUG:root:Order:2 19 1
DEBUG:root:Finish turn

DEBUG:root:Order:5 9 4
DEBUG:root:Order:5 0 1
DEBUG:root:Order:5 19 1
DEBUG:root:Finish turn

DEBUG:root:Order:2 9 3
DEBUG:root:Order:5 9 3
DEBUG:root:Finish turn

DEBUG:root:Order:2 0 2
DEBUG:root:Order:2 9 2
DEBUG:root:Order:2 19 2
DEBUG:root:Finish turn

DEBUG:root:Order:5 0 1
DEBUG:root:Order:5 19 1
DEBUG:root:Order:5 2 5
DEBUG:root:Finish turn

DEBUG:root:Order:2 0 2
DEBUG:root:Order:2 19 2
DEBUG:root:Order:2 9 1
DEBUG:root:Finish turn

DEBUG:root:Order:2 0 9
DEBUG:root:Order:5 0 8
DEBUG:root:Order:9 0 4
DEBUG:root:Order:19 0 3
DEBUG:root:Finish turn

DEBUG:root:Order:2 0 8
DEBUG:root:Order:5 0 8
DEBUG:root:Order:9 0 5
DEBUG:root:Order:19 0 4
DEBUG:root:Finish turn

DEBUG:root:Order:2 0 2
DEBUG:root:Order:5 0 1
DEBUG:root:Order:5 19 1
DEBUG:root:Order:5 9 2
DEBUG:root:Finish turn

DEBUG:root:Order:2 0 4
DEBUG:root:Order:5 0 2
DEBUG:root:Order:9 0 2
DEBUG:root:Finish turn

DEBUG:root:Order:2 0 8
DEBUG:root:Order:5 0 8
DEBUG:root:Order:9 0 5
DEBUG:root:Order:19 0 1
DEBUG:root:Order:19 10 2
DEBUG:root:Finish turn

DEBUG:root:Order:2 0 7
DEBUG:root:Order:5 0 7
DEBUG:root:Order:9 0 4
DEBUG:root:Order:10 0 3
DEBUG:root:Order:19 0 3
DEBUG:root:Finish turn

DEBUG:root:Order:2 0 1
DEBUG:root:Order:2 19 1
DEBUG:root:Order:2 9 2
DEBUG:root:Order:5 9 2
DEBUG:root:Finish turn

DEBUG:root:Order:5 0 2
DEBUG:root:Order:5 19 2
DEBUG:root:Order:5 10 1
DEBUG:root:Finish turn

DEBUG:root:Order:2 0 2
DEBUG:root:Order:2 19 2
DEBUG:root:Order:2 10 1
DEBUG:root:Finish turn

DEBUG:root:Order:9 11 54.0
DEBUG:root:Order:5 9 11
DEBUG:root:Order:2 9 9
DEBUG:root:Order:10 9 8
DEBUG:root:Order:0 9 7
DEBUG:root:Order:19 9 7
DEBUG:root:Finish turn

DEBUG:root:Order:2 9 2
DEBUG:root:Order:2 0 1
DEBUG:root:Order:2 19 1
DEBUG:root:Order:2 10 2
DEBUG:root:Order:5 10 2
DEBUG:root:Finish turn

DEBUG:root:Order:5 6 12
DEBUG:root:Order:10 6 12
DEBUG:root:Order:10 9 12
DEBUG:root:Order:2 9 8
DEBUG:root:Order:0 9 3
DEBUG:root:Finish turn

DEBUG:root:Order:19 0 9
DEBUG:root:Order:2 0 6
DEBUG:root:Order:5 0 4
DEBUG:root:Order:5 10 6
DEBUG:root:Order:6 10 2
DEBUG:root:Finish turn

DEBUG:root:Order:6 5 2
DEBUG:root:Order:6 10 2
DEBUG:root:Order:6 19 2
DEBUG:root:Finish turn

DEBUG:root:Order:2 0 11
DEBUG:root:Order:5 0 9
DEBUG:root:Order:9 0 7
DEBUG:root:Order:10 0 2
DEBUG:root:Order:10 6 6
DEBUG:root:Order:19 6 3
DEBUG:root:Finish turn

DEBUG:root:Order:2 10 1
DEBUG:root:Order:5 10 1
DEBUG:root:Finish turn

DEBUG:root:Order:2 9 7
DEBUG:root:Order:5 9 7
DEBUG:root:Order:6 9 1
DEBUG:root:Order:6 0 7
DEBUG:root:Order:10 0 2
DEBUG:root:Order:19 0 2
DEBUG:root:Finish turn

DEBUG:root:Order:2 9 2
DEBUG:root:Order:2 19 2
DEBUG:root:Order:2 10 1
DEBUG:root:Finish turn

DEBUG:root:Order:5 6 10
DEBUG:root:Order:2 6 5
DEBUG:root:Order:9 6 5
DEBUG:root:Order:9 0 5
DEBUG:root:Order:10 0 5
DEBUG:root:Order:19 0 1
DEBUG:root:Finish turn

DEBUG:root:Order:2 0 3
DEBUG:root:Order:5 0 3
DEBUG:root:Order:6 0 1
DEBUG:root:Order:6 9 2
DEBUG:root:Order:19 9 2
DEBUG:root:Finish turn

DEBUG:root:Order:2 0 10
DEBUG:root:Order:5 0 10
DEBUG:root:Order:6 0 9
DEBUG:root:Order:10 0 3
DEBUG:root:Order:10 11 7
DEBUG:root:Order:9 11 6
DEBUG:root:Order:19 11 6
DEBUG:root:Finish turn

DEBUG:root:Order:2 9 7
DEBUG:root:Order:5 9 7
DEBUG:root:Order:6 9 7
DEBUG:root:Order:11 9 3
DEBUG:root:Order:19 9 3
DEBUG:root:Order:0 9 2
DEBUG:root:Order:10 9 1
DEBUG:root:Finish turn

DEBUG:root:Order:2 10 3
DEBUG:root:Order:5 10 3
DEBUG:root:Order:6 10 3
DEBUG:root:Order:6 9 1
DEBUG:root:Order:6 0 3
DEBUG:root:Order:11 0 2
DEBUG:root:Finish turn

DEBUG:root:Order:0 10 3
DEBUG:root:Order:2 10 3
DEBUG:root:Order:5 10 3
DEBUG:root:Order:11 10 2
DEBUG:root:Finish turn

DEBUG:root:Order:2 10 5
DEBUG:root:Order:5 10 5
DEBUG:root:Order:6 10 4
DEBUG:root:Order:11 10 4
DEBUG:root:Order:0 10 1
DEBUG:root:Order:0 19 1
DEBUG:root:Order:9 19 1
DEBUG:root:Finish turn

DEBUG:root:Order:2 10 1
DEBUG:root:Order:5 10 1
DEBUG:root:Order:5 9 1
DEBUG:root:Order:5 19 1
DEBUG:root:Finish turn

DEBUG:root:Order:2 6 5
DEBUG:root:Order:11 6 4
DEBUG:root:Order:5 6 3
DEBUG:root:Order:9 6 1
DEBUG:root:Order:10 6 1
DEBUG:root:Finish turn

DEBUG:root:Order:9 12 54.0
DEBUG:root:Order:2 9 18
DEBUG:root:Order:5 9 18
DEBUG:root:Order:11 9 2
DEBUG:root:Order:11 6 17
DEBUG:root:Order:10 6 6
DEBUG:root:Bad order:10 11.0 15
DEBUG:root:Order:19 0 14
DEBUG:root:Finish turn

DEBUG:root:Order:10 0 9
DEBUG:root:Order:2 0 3
DEBUG:root:Order:5 0 3
DEBUG:root:Order:5 9 3
DEBUG:root:Order:6 9 2
DEBUG:root:Finish turn

DEBUG:root:Order:2 0 4
DEBUG:root:Order:6 0 4
DEBUG:root:Order:11 0 3
DEBUG:root:Order:5 0 1
DEBUG:root:Order:10 0 1
DEBUG:root:Finish turn

DEBUG:root:Order:2 10 4
DEBUG:root:Order:5 10 4
DEBUG:root:Order:6 10 2
DEBUG:root:Order:6 0 3
DEBUG:root:Order:6 19 4
DEBUG:root:Order:11 19 3
DEBUG:root:Finish turn

DEBUG:root:Order:19 11 6
DEBUG:root:Order:2 11 4
DEBUG:root:Order:5 11 4
DEBUG:root:Finish turn

DEBUG:root:Order:2 0 2
DEBUG:root:Order:2 11 1
DEBUG:root:Order:2 19 1
DEBUG:root:Finish turn

DEBUG:root:Bad order:9 1.0 12
DEBUG:root:Order:5 19 7
DEBUG:root:Order:2 19 3
DEBUG:root:Order:11 19 3
DEBUG:root:Finish turn

DEBUG:root:Order:2 19 4
DEBUG:root:Order:5 19 4
DEBUG:root:Order:11 19 3
DEBUG:root:Finish turn

DEBUG:root:Order:9 19 7
DEBUG:root:Order:9 11 2
DEBUG:root:Order:9 2 1
DEBUG:root:Order:9 5 1
DEBUG:root:Finish turn

DEBUG:root:Order:2 9 5
DEBUG:root:Order:5 9 5
DEBUG:root:Order:11 9 4
DEBUG:root:Bad order:19 0.0 1
DEBUG:root:Finish turn

DEBUG:root:Order:2 0 7
DEBUG:root:Order:5 0 7
DEBUG:root:Order:11 0 4
DEBUG:root:Order:11 9 6
DEBUG:root:Order:19 9 1
DEBUG:root:Finish turn

DEBUG:root:Order:2 0 6
DEBUG:root:Order:5 0 6
DEBUG:root:Order:19 0 5
DEBUG:root:Order:9 0 2
DEBUG:root:Order:11 0 1
DEBUG:root:Finish turn

DEBUG:root:Order:2 0 6
DEBUG:root:Order:5 0 6
DEBUG:root:Order:11 0 5
DEBUG:root:Order:9 0 3
DEBUG:root:Order:19 0 2
DEBUG:root:Finish turn

DEBUG:root:Order:2 0 6
DEBUG:root:Order:5 0 6
DEBUG:root:Order:11 0 5
DEBUG:root:Order:9 0 3
DEBUG:root:Order:19 0 2
DEBUG:root:Finish turn

DEBUG:root:Order:2 0 8
DEBUG:root:Order:5 0 8
DEBUG:root:Order:11 0 7
DEBUG:root:Order:9 0 5
DEBUG:root:Order:19 0 4
DEBUG:root:Finish turn

DEBUG:root:Order:2 0 4
DEBUG:root:Order:5 0 4
DEBUG:root:Order:11 0 3
DEBUG:root:Order:9 0 1
DEBUG:root:Finish turn

DEBUG:root:Order:2 0 5
DEBUG:root:Order:5 0 5
DEBUG:root:Order:11 0 4
DEBUG:root:Order:9 0 2
DEBUG:root:Order:19 0 1
DEBUG:root:Finish turn

DEBUG:root:Order:2 0 8
DEBUG:root:Order:5 0 8
DEBUG:root:Order:11 0 7
DEBUG:root:Order:9 0 5
DEBUG:root:Order:19 0 4
DEBUG:root:Finish turn

DEBUG:root:Order:2 19 7
DEBUG:root:Order:5 19 7
DEBUG:root:Order:11 19 6
DEBUG:root:Order:9 19 4
DEBUG:root:Finish turn

DEBUG:root:Order:2 19 5
DEBUG:root:Order:5 19 5
DEBUG:root:Order:11 19 4
DEBUG:root:Order:9 19 2
DEBUG:root:Order:0 19 1
DEBUG:root:Finish turn

DEBUG:root:Order:2 0 9
DEBUG:root:Order:5 0 9
DEBUG:root:Order:11 0 8
DEBUG:root:Order:9 0 6
DEBUG:root:Finish turn

DEBUG:root:Order:2 0 10
DEBUG:root:Order:5 0 10
DEBUG:root:Order:11 0 9
DEBUG:root:Order:9 0 4
DEBUG:root:Order:9 12 7
DEBUG:root:Order:19 12 2
DEBUG:root:Finish turn

DEBUG:root:Order:2 9 2
DEBUG:root:Order:5 9 2
DEBUG:root:Order:5 0 1
DEBUG:root:Order:5 12 2
DEBUG:root:Order:19 12 2
DEBUG:root:Order:11 12 1
DEBUG:root:Finish turn

DEBUG:root:Order:12 2 9
DEBUG:root:Order:11 2 5
DEBUG:root:Order:5 2 3
DEBUG:root:Order:9 2 2
DEBUG:root:Order:19 2 2
DEBUG:root:Order:0 2 1
DEBUG:root:Finish turn

DEBUG:root:Order:5 2 7
DEBUG:root:Order:11 2 6
DEBUG:root:Bad order:12 4.0 6
DEBUG:root:Order:9 2 4
DEBUG:root:Order:0 2 3
DEBUG:root:Order:19 2 3
DEBUG:root:Finish turn

DEBUG:root:Bad order:12 6.0 12
DEBUG:root:Order:11 5 6
DEBUG:root:Order:9 5 4
DEBUG:root:Order:0 5 3
DEBUG:root:Order:19 5 3
DEBUG:root:Finish turn

DEBUG:root:Bad order:12 10.0 15
DEBUG:root:Order:6 5 9
DEBUG:root:Order:2 5 3
DEBUG:root:Order:11 5 3
DEBUG:root:Order:9 5 1
DEBUG:root:Finish turn

DEBUG:root:Bad order:12 14.0 20
DEBUG:root:Order:2 9 6
DEBUG:root:Order:6 9 6
DEBUG:root:Order:11 9 5
DEBUG:root:Order:19 9 2
DEBUG:root:Finish turn

DEBUG:root:Order:12 6 17
DEBUG:root:Bad order:12 1.0 10
DEBUG:root:Bad order:12 1.0 4
DEBUG:root:Finish turn

DEBUG:root:Order:2 13 62.0
DEBUG:root:Bad order:12 5.0 17
DEBUG:root:Order:11 2 14
DEBUG:root:Order:19 2 8
DEBUG:root:Order:0 2 4
DEBUG:root:Order:9 2 4
DEBUG:root:Order:5 2 1
DEBUG:root:Finish turn

DEBUG:root:Order:12 2 9
DEBUG:root:Order:5 2 2
DEBUG:root:Order:5 6 3
DEBUG:root:Order:11 6 2
DEBUG:root:Order:11 19 2
DEBUG:root:Finish turn

DEBUG:root:Order:6 2 3
DEBUG:root:Order:12 2 3
DEBUG:root:Order:5 2 2
DEBUG:root:Order:9 2 1
DEBUG:root:Order:11 2 1
DEBUG:root:Order:19 2 1
DEBUG:root:Finish turn

DEBUG:root:Order:5 2 6
DEBUG:root:Order:6 2 6
DEBUG:root:Order:11 2 5
DEBUG:root:Order:9 2 3
DEBUG:root:Order:19 2 2
DEBUG:root:Finish turn

DEBUG:root:Bad order:0 3.0 20
DEBUG:root:Bad order:0 3.0 5
DEBUG:root:Bad order:0 3.0 4
DEBUG:root:Order:0 2 1
DEBUG:root:Order:0 5 1
DEBUG:root:Order:0 6 1
DEBUG:root:Finish turn

DEBUG:root:Order:5 14 62.0
DEBUG:root:Bad order:0 10.0 30
DEBUG:root:Order:2 5 11
DEBUG:root:Order:6 5 11
DEBUG:root:Order:9 5 4
DEBUG:root:Order:19 5 2
DEBUG:root:Finish turn

DEBUG:root:Order:0 11 7
DEBUG:root:Order:2 11 1
DEBUG:root:Order:6 11 1
DEBUG:root:Order:6 19 1
DEBUG:root:Finish turn

DEBUG:root:Order:2 7 64.0
DEBUG:root:Order:6 2 14
DEBUG:root:Order:11 2 13
DEBUG:root:Order:0 2 11
DEBUG:root:Order:19 2 9
DEBUG:root:Finish turn

DEBUG:root:Order:6 0 1
DEBUG:root:Order:6 19 1
DEBUG:root:Finish turn

DEBUG:root:Order:2 6 8
DEBUG:root:Order:11 6 8
DEBUG:root:Order:0 6 3
DEBUG:root:Order:19 6 3
DEBUG:root:Finish turn

DEBUG:root:Order:2 6 10
DEBUG:root:Order:11 6 9
DEBUG:root:Order:0 6 6
DEBUG:root:Order:19 6 6
DEBUG:root:Finish turn

DEBUG:root:Order:2 6 4
DEBUG:root:Order:11 6 3
DEBUG:root:Finish turn

DEBUG:root:Order:2 6 6
DEBUG:root:Order:11 6 5
DEBUG:root:Order:0 6 2
DEBUG:root:Order:19 6 2
DEBUG:root:Finish turn

DEBUG:root:Order:2 0 15
DEBUG:root:Bad order:11 7.0 14
DEBUG:root:Finish turn

DEBUG:root:Order:2 0 6
DEBUG:root:Order:11 0 5
DEBUG:root:Finish turn

DEBUG:root:Order:2 11 9
DEBUG:root:Order:0 11 4
DEBUG:root:Finish turn

DEBUG:root:Bad order:14 1.0 20
DEBUG:root:Finish turn

DEBUG:root:Bad order:14 5.0 34
DEBUG:root:Finish turn

DEBUG:root:Bad order:14 9.0 52
DEBUG:root:Finish turn

DEBUG:root:Bad order:13 1.0 32
DEBUG:root:Bad order:14 13.0 26
DEBUG:root:Finish turn

DEBUG:root:Bad order:13 5.0 32
DEBUG:root:Bad order:14 17.0 26
DEBUG:root:Finish turn

DEBUG:root:Bad order:13 9.0 35
DEBUG:root:Bad order:14 21.0 29
DEBUG:root:Finish turn

DEBUG:root:Bad order:13 13.0 40
DEBUG:root:Bad order:14 25.0 34
DEBUG:root:Finish turn

DEBUG:root:Bad order:13 17.0 48
DEBUG:root:Bad order:14 29.0 42
DEBUG:root:Finish turn

DEBUG:root:Bad order:13 21.0 59
DEBUG:root:Bad order:14 33.0 53
DEBUG:root:Finish turn

DEBUG:root:Bad order:13 25.0 72
DEBUG:root:Bad order:14 37.0 66
DEBUG:root:Finish turn

DEBUG:root:Bad order:13 29.0 72
DEBUG:root:Bad order:14 41.0 66
DEBUG:root:Finish turn

DEBUG:root:Order:13 14 3
DEBUG:root:Finish turn

DEBUG:root:Order:14 13 33
DEBUG:root:Finish turn

DEBUG:root:Order:13 7 1
DEBUG:root:Order:14 7 1
DEBUG:root:Finish turn

DEBUG:root:Order:13 7 3
DEBUG:root:Order:14 7 3
DEBUG:root:Finish turn

DEBUG:root:Order:13 7 3
DEBUG:root:Order:14 7 3
DEBUG:root:Finish turn

DEBUG:root:Order:13 7 3
DEBUG:root:Order:14 7 3
DEBUG:root:Finish turn

DEBUG:root:Order:13 7 5
DEBUG:root:Order:14 7 5
DEBUG:root:Finish turn

DEBUG:root:Order:13 7 5
DEBUG:root:Order:14 7 5
DEBUG:root:Finish turn

DEBUG:root:Order:13 7 5
DEBUG:root:Order:14 7 5
DEBUG:root:Finish turn

DEBUG:root:Order:13 7 7
DEBUG:root:Order:14 7 7
DEBUG:root:Finish turn

DEBUG:root:Order:13 7 5
DEBUG:root:Bad order:14 2.0 5
DEBUG:root:Finish turn

DEBUG:root:Order:14 13 2
DEBUG:root:Finish turn

DEBUG:root:Bad order:14 8.0 37
DEBUG:root:Finish turn

DEBUG:root:Bad order:14 12.0 78
DEBUG:root:Finish turn

DEBUG:root:Bad order:14 19.0 123
DEBUG:root:Finish turn

DEBUG:root:Order:13 8 64.0
DEBUG:root:Bad order:14 23.0 136
DEBUG:root:Finish turn

DEBUG:root:Bad order:14 27.0 113
DEBUG:root:Finish turn

DEBUG:root:Bad order:14 31.0 139
DEBUG:root:Finish turn

DEBUG:root:Bad order:14 35.0 169
DEBUG:root:Finish turn

DEBUG:root:Bad order:14 39.0 203
DEBUG:root:Finish turn

DEBUG:root:Bad order:14 43.0 241
DEBUG:root:Finish turn

DEBUG:root:Finish turn

DEBUG:root:Finish turn

DEBUG:root:Finish turn

DEBUG:root:Order:14 7 1
DEBUG:root:Finish turn

DEBUG:root:Order:14 7 4
DEBUG:root:Finish turn

DEBUG:root:Bad order:8 1.0 15
DEBUG:root:Bad order:8 1.0 3
DEBUG:root:Finish turn

DEBUG:root:Bad order:8 2.0 21
DEBUG:root:Order:14 7 1
DEBUG:root:Finish turn

DEBUG:root:Finish turn

DEBUG:root:Finish turn

DEBUG:root:Finish turn

DEBUG:root:Finish turn

DEBUG:root:Finish turn

DEBUG:root:Finish turn

DEBUG:root:Finish turn

DEBUG:root:Finish turn

DEBUG:root:Finish turn

DEBUG:root:Finish turn

DEBUG:root:Finish turn

DEBUG:root:Finish turn

DEBUG:root:Finish turn

